生成启动时间为 2015/11/9 23:38:30。
     1>项目“D:\VS2015\VCLab\VCLab\VCLab.vcxproj”在节点 2 上(Build 个目标)。
     1>Link:
         D:\Program Files (x86)\Microsoft Visual Studio 14.0\VC\bin\link.exe /ERRORREPORT:PROMPT /OUT:"D:\VS2015\VCLab\Release\VCLab.exe" /INCREMENTAL:NO /NOLOGO kernel32.lib user32.lib gdi32.lib winspool.lib comdlg32.lib advapi32.lib shell32.lib ole32.lib oleaut32.lib uuid.lib odbc32.lib odbccp32.lib /MANIFEST /MANIFESTUAC:"level='asInvoker' uiAccess='false'" /manifest:embed /Debug /PDB:"D:\VS2015\VCLab\Release\VCLab.pdb" /SUBSYSTEM:CONSOLE /OPT:REF /OPT:ICF /LTCG:incremental /TLBID:1 /DYNAMICBASE /NXCOMPAT /IMPLIB:"D:\VS2015\VCLab\Release\VCLab.lib" /MACHINE:X86 /SAFESEH Release\VCLab.res
         Release\CalcEquilibrium.obj
         Release\CalcGibbsEnergy.obj
         Release\Database.obj
         Release\DefineSystem.obj
         Release\FindConvexHull.obj
         Release\GlobalGrid.obj
         Release\LineSolver.obj
         Release\MinEnergy.obj
         Release\Tool.obj
         Release\VCLab.obj
         Release\VCLInput.obj
         正在生成代码
         0 of 1487 functions ( 0.0%) were compiled, the rest were copied from previous compilation.
           0 functions were new in current compilation
           0 functions had inline decision re-evaluated but remain unchanged
         已完成代码的生成
         VCLab.vcxproj -> D:\VS2015\VCLab\Release\VCLab.exe
     1>已完成生成项目“D:\VS2015\VCLab\VCLab\VCLab.vcxproj”(Build 个目标)的操作。

已成功生成。

已用时间 00:00:01.01
