d:\vs2015\vclab\vclab\release\vc140.pdb
d:\vs2015\vclab\vclab\release\vclinput.obj
d:\vs2015\vclab\vclab\release\vclab.obj
d:\vs2015\vclab\vclab\release\tool.obj
d:\vs2015\vclab\vclab\release\minenergy.obj
d:\vs2015\vclab\vclab\release\linesolver.obj
d:\vs2015\vclab\vclab\release\globalgrid.obj
d:\vs2015\vclab\vclab\release\findconvexhull.obj
d:\vs2015\vclab\vclab\release\definesystem.obj
d:\vs2015\vclab\vclab\release\database.obj
d:\vs2015\vclab\vclab\release\calcgibbsenergy.obj
d:\vs2015\vclab\vclab\release\calcequilibrium.obj
d:\vs2015\vclab\release\vclab.exe
d:\vs2015\vclab\release\vclab.ipdb
d:\vs2015\vclab\release\vclab.iobj
d:\vs2015\vclab\release\vclab.pdb
d:\vs2015\vclab\vclab\release\vclab.tlog\cl.command.1.tlog
d:\vs2015\vclab\vclab\release\vclab.tlog\cl.read.1.tlog
d:\vs2015\vclab\vclab\release\vclab.tlog\cl.write.1.tlog
d:\vs2015\vclab\vclab\release\vclab.tlog\link.command.1.tlog
d:\vs2015\vclab\vclab\release\vclab.tlog\link.read.1.tlog
d:\vs2015\vclab\vclab\release\vclab.tlog\link.write.1.tlog
d:\vs2015\vclab\vclab\release\vclab.tlog\rc.command.1.tlog
d:\vs2015\vclab\vclab\release\vclab.tlog\rc.read.1.tlog
d:\vs2015\vclab\vclab\release\vclab.tlog\rc.write.1.tlog
